TN:
SF:/home/javey/Workspace/kpc/components/utils.js
FN:5,addStyle
FN:9,(anonymous_5)
FN:20,kebabCase
FN:22,(anonymous_7)
FN:29,proxyEvent
FN:30,(anonymous_9)
FN:33,isStringOrNumber
FN:38,isTextVNode
FN:42,isStringOrNumberNotEmpty
FN:47,getTextByChildren
FN:50,(anonymous_14)
FN:65,findParentComponent
FN:78,strPad
FN:88,range
FN:90,(anonymous_18)
FN:93,selectInput
FNF:16
FNH:8
FNDA:0,addStyle
FNDA:0,(anonymous_5)
FNDA:0,kebabCase
FNDA:0,(anonymous_7)
FNDA:0,proxyEvent
FNDA:0,(anonymous_9)
FNDA:142,isStringOrNumber
FNDA:52,isTextVNode
FNDA:160,isStringOrNumberNotEmpty
FNDA:90,getTextByChildren
FNDA:0,(anonymous_14)
FNDA:99,findParentComponent
FNDA:958,strPad
FNDA:27,range
FNDA:1296,(anonymous_18)
FNDA:0,selectInput
DA:1,1
DA:3,1
DA:6,0
DA:7,0
DA:8,0
DA:9,0
DA:10,0
DA:12,0
DA:15,0
DA:18,1
DA:19,1
DA:21,0
DA:22,0
DA:23,0
DA:26,0
DA:30,0
DA:34,142
DA:35,142
DA:39,52
DA:43,160
DA:44,160
DA:48,90
DA:49,90
DA:50,0
DA:51,0
DA:52,0
DA:55,90
DA:56,90
DA:59,90
DA:63,1
DA:66,99
DA:67,99
DA:68,99
DA:69,336
DA:70,0
DA:71,0
DA:73,336
DA:75,99
DA:79,958
DA:80,958
DA:81,958
DA:82,958
DA:83,741
DA:85,958
DA:89,27
DA:90,1296
DA:94,0
DA:95,0
DA:96,0
DA:98,0
DA:99,0
LF:51
LH:29
BRDA:6,0,0,0
BRDA:6,0,1,0
BRDA:7,1,0,0
BRDA:7,1,1,0
BRDA:8,2,0,0
BRDA:8,2,1,0
BRDA:10,3,0,0
BRDA:10,3,1,0
BRDA:10,4,0,0
BRDA:10,4,1,0
BRDA:21,5,0,0
BRDA:21,5,1,0
BRDA:34,6,0,0
BRDA:34,6,1,142
BRDA:35,7,0,142
BRDA:35,7,1,51
BRDA:39,8,0,52
BRDA:39,8,1,51
BRDA:43,9,0,1
BRDA:43,9,1,159
BRDA:44,10,0,160
BRDA:44,10,1,120
BRDA:44,10,2,40
BRDA:49,11,0,0
BRDA:49,11,1,90
BRDA:51,12,0,0
BRDA:51,12,1,0
BRDA:55,13,0,90
BRDA:55,13,1,0
BRDA:69,14,0,0
BRDA:69,14,1,336
BRDA:71,15,0,0
BRDA:71,15,1,0
BRDA:80,16,0,958
BRDA:80,16,1,0
BRDA:82,17,0,741
BRDA:82,17,1,217
BRDA:94,18,0,0
BRDA:94,18,1,0
BRDA:96,19,0,0
BRDA:96,19,1,0
BRF:41
BRH:16
end_of_record
TN:
SF:/home/javey/Workspace/kpc/components/breadcrumb/index.js
FNF:0
FNH:0
DA:1,1
DA:2,1
DA:3,1
DA:4,1
DA:11,2
LF:5
LH:5
BRF:0
BRH:0
end_of_record
TN:
SF:/home/javey/Workspace/kpc/components/breadcrumb/item.js
FNF:0
FNH:0
DA:1,1
DA:2,1
DA:9,6
DA:16,0
DA:17,0
DA:18,0
LF:6
LH:3
BRDA:17,0,0,0
BRDA:17,0,1,0
BRF:2
BRH:0
end_of_record
TN:
SF:/home/javey/Workspace/kpc/components/button/group.js
FNF:0
FNH:0
DA:1,1
DA:2,1
DA:3,1
DA:7,1
DA:10,13
DA:24,12
DA:25,0
LF:7
LH:6
BRDA:24,0,0,0
BRDA:24,0,1,12
BRF:2
BRH:1
end_of_record
TN:
SF:/home/javey/Workspace/kpc/components/button/index.js
FNF:0
FNH:0
DA:1,1
DA:2,1
DA:3,1
DA:4,1
DA:8,1
DA:11,160
DA:44,136
DA:46,136
DA:47,343
DA:50,136
DA:51,37
DA:53,37
DA:61,24
DA:62,3
DA:70,0
DA:74,0
DA:78,0
DA:82,0
DA:86,0
DA:87,0
DA:88,0
DA:89,0
DA:90,0
DA:91,0
DA:92,0
DA:94,0
DA:95,0
DA:96,0
DA:97,0
DA:99,0
DA:101,0
DA:104,0
DA:105,0
LF:33
LH:14
BRDA:46,0,0,479
BRDA:46,0,1,380
BRDA:50,1,0,37
BRDA:50,1,1,99
BRDA:61,2,0,3
BRDA:61,2,1,21
BRDA:86,3,0,0
BRDA:86,3,1,0
BRDA:88,4,0,0
BRDA:88,4,1,0
BRDA:90,5,0,0
BRDA:90,5,1,0
BRDA:91,6,0,0
BRDA:91,6,1,0
BRDA:96,7,0,0
BRDA:96,7,1,0
BRF:16
BRH:6
end_of_record
TN:
SF:/home/javey/Workspace/kpc/components/button/index.spec.js
FN:4,render
FN:11,(anonymous_2)
FN:14,(anonymous_3)
FN:18,(anonymous_4)
FNF:4
FNH:4
FNDA:1,render
FNDA:1,(anonymous_2)
FNDA:1,(anonymous_3)
FNDA:1,(anonymous_4)
DA:1,1
DA:2,1
DA:5,1
DA:6,1
DA:7,1
DA:8,1
DA:11,1
DA:12,1
DA:14,1
DA:15,1
DA:18,1
DA:19,1
DA:22,1
DA:23,1
DA:24,1
LF:15
LH:15
BRF:0
BRH:0
end_of_record
TN:
SF:/home/javey/Workspace/kpc/components/checkbox/index.js
FNF:0
FNH:0
DA:1,1
DA:2,1
DA:3,1
DA:8,44
DA:11,25
DA:47,25
DA:48,25
DA:49,25
LF:8
LH:8
BRDA:50,0,0,19
BRDA:50,0,1,6
BRF:2
BRH:2
end_of_record
TN:
SF:/home/javey/Workspace/kpc/components/datepicker/index.js
FN:6,getNowDate
FN:27,disabledDate
FNF:2
FNH:2
FNDA:9,getNowDate
FNDA:311,disabledDate
DA:1,1
DA:2,1
DA:3,1
DA:4,1
DA:8,9
DA:9,9
DA:10,9
DA:11,9
DA:13,9
DA:27,9
DA:34,311
DA:53,0
DA:54,0
DA:55,0
DA:56,0
DA:57,0
DA:58,0
DA:60,0
DA:61,0
DA:64,0
DA:65,0
DA:66,0
DA:68,0
DA:70,0
DA:71,0
DA:72,0
DA:74,0
DA:76,0
DA:81,353
DA:86,353
DA:87,269
DA:89,84
DA:94,84
DA:98,714
DA:99,714
DA:103,0
DA:107,756
DA:108,756
DA:109,756
DA:110,756
DA:111,0
DA:112,756
DA:113,0
DA:116,756
DA:117,756
DA:118,756
DA:119,4
DA:120,752
DA:121,7
DA:124,745
DA:125,745
DA:126,745
DA:127,21
DA:128,724
DA:129,9
DA:133,715
DA:137,378
DA:141,0
DA:142,0
DA:146,0
DA:150,0
DA:154,0
DA:158,0
DA:162,0
DA:163,0
DA:164,0
DA:168,0
DA:169,0
DA:170,0
DA:174,0
DA:175,0
DA:176,0
DA:180,0
DA:181,0
DA:182,0
DA:186,0
DA:190,0
DA:193,0
DA:194,0
DA:195,0
DA:196,0
DA:200,0
DA:208,0
DA:212,0
DA:215,0
DA:216,0
DA:217,0
DA:218,0
DA:219,0
DA:223,0
DA:227,0
DA:228,0
LF:92
LH:37
BRDA:55,0,0,0
BRDA:55,0,1,0
BRDA:57,1,0,0
BRDA:57,1,1,0
BRDA:65,2,0,0
BRDA:65,2,1,0
BRDA:71,3,0,0
BRDA:71,3,1,0
BRDA:86,4,0,269
BRDA:86,4,1,84
BRDA:98,5,0,714
BRDA:98,5,1,0
BRDA:98,6,0,714
BRDA:98,6,1,714
BRDA:99,7,0,714
BRDA:99,7,1,418
BRDA:99,7,2,279
BRDA:107,8,0,756
BRDA:107,8,1,0
BRDA:107,9,0,756
BRDA:107,9,1,756
BRDA:110,10,0,0
BRDA:110,10,1,756
BRDA:112,11,0,0
BRDA:112,11,1,756
BRDA:118,12,0,4
BRDA:118,12,1,752
BRDA:120,13,0,7
BRDA:120,13,1,745
BRDA:126,14,0,21
BRDA:126,14,1,724
BRDA:128,15,0,9
BRDA:128,15,1,715
BRDA:195,16,0,0
BRDA:195,16,1,0
BRDA:195,17,0,0
BRDA:195,17,1,0
BRDA:196,18,0,0
BRDA:196,18,1,0
BRDA:196,18,2,0
BRDA:217,19,0,0
BRDA:217,19,1,0
BRF:42
BRH:21
end_of_record
TN:
SF:/home/javey/Workspace/kpc/components/dialog/index.js
FN:32,(anonymous_14)
FN:103,show
FNF:2
FNH:2
FNDA:8,(anonymous_14)
FNDA:1,show
DA:1,1
DA:2,1
DA:3,1
DA:4,1
DA:16,13
DA:31,10
DA:32,10
DA:33,8
DA:39,10
DA:40,4
DA:46,10
DA:48,10
DA:50,10
DA:54,0
DA:58,0
DA:62,0
DA:66,0
DA:70,5
DA:74,0
DA:75,0
DA:76,0
DA:78,0
DA:79,0
DA:84,0
DA:85,0
DA:86,0
DA:88,0
DA:89,0
DA:93,2
DA:94,2
DA:96,2
DA:97,0
DA:100,2
DA:101,1
DA:103,1
DA:104,1
DA:105,1
DA:106,1
DA:108,1
DA:109,1
DA:111,0
DA:118,0
DA:124,5
DA:125,5
DA:130,13
DA:132,5
DA:137,0
DA:139,0
DA:140,0
DA:141,0
DA:142,0
DA:143,0
DA:144,0
DA:146,0
DA:147,0
DA:152,0
DA:153,0
DA:154,0
DA:155,0
DA:159,0
DA:163,0
DA:164,0
DA:169,10
DA:170,0
DA:171,0
DA:172,0
DA:177,10
DA:178,10
DA:179,5
DA:181,5
DA:183,10
LF:71
LH:35
BRDA:33,0,0,3
BRDA:33,0,1,5
BRDA:39,1,0,4
BRDA:39,1,1,6
BRDA:75,2,0,0
BRDA:75,2,1,0
BRDA:85,3,0,0
BRDA:85,3,1,0
BRDA:94,4,0,0
BRDA:94,4,1,2
BRDA:96,5,0,0
BRDA:96,5,1,2
BRDA:100,6,0,1
BRDA:100,6,1,1
BRDA:108,7,0,1
BRDA:108,7,1,0
BRDA:118,8,0,0
BRDA:118,8,1,0
BRDA:124,9,0,5
BRDA:124,9,1,0
BRDA:124,10,0,5
BRDA:124,10,1,0
BRDA:124,10,2,0
BRDA:130,11,0,8
BRDA:130,11,1,5
BRDA:130,12,0,13
BRDA:130,12,1,13
BRDA:137,13,0,0
BRDA:137,13,1,0
BRDA:152,14,0,0
BRDA:152,14,1,0
BRDA:169,15,0,0
BRDA:169,15,1,10
BRDA:178,16,0,5
BRDA:178,16,1,5
BRF:35
BRH:18
end_of_record
TN:
SF:/home/javey/Workspace/kpc/components/dialog/index.spec.js
FN:5,(anonymous_10)
FN:8,(anonymous_11)
FN:13,(anonymous_12)
FN:19,(anonymous_13)
FN:29,(anonymous_14)
FN:29,(anonymous_15)
FN:29,_init
FN:29,get
FN:43,(anonymous_19)
FN:43,(anonymous_20)
FN:43,get
FN:56,(anonymous_23)
FN:56,(anonymous_24)
FN:56,defaults
FN:56,get
FN:77,(anonymous_28)
FN:77,(anonymous_29)
FN:77,_init
FN:77,get
FNF:19
FNH:19
FNDA:1,(anonymous_10)
FNDA:6,(anonymous_11)
FNDA:1,(anonymous_12)
FNDA:1,(anonymous_13)
FNDA:1,(anonymous_14)
FNDA:2,(anonymous_15)
FNDA:1,_init
FNDA:2,get
FNDA:1,(anonymous_19)
FNDA:2,(anonymous_20)
FNDA:1,get
FNDA:1,(anonymous_23)
FNDA:2,(anonymous_24)
FNDA:1,defaults
FNDA:2,get
FNDA:1,(anonymous_28)
FNDA:2,(anonymous_29)
FNDA:1,_init
FNDA:2,get
DA:1,1
DA:2,1
DA:3,1
DA:5,1
DA:6,1
DA:8,1
DA:9,6
DA:10,6
DA:13,1
DA:14,1
DA:15,1
DA:16,1
DA:19,1
DA:20,1
DA:21,1
DA:22,1
DA:23,1
DA:24,1
DA:25,1
DA:26,1
DA:29,6
DA:32,2
DA:35,1
DA:37,1
DA:38,1
DA:39,1
DA:40,1
DA:43,6
DA:47,1
DA:50,1
DA:51,1
DA:53,1
DA:56,6
DA:59,2
DA:65,1
DA:66,1
DA:72,1
DA:73,1
DA:74,1
DA:77,6
DA:80,2
DA:90,1
DA:93,1
DA:94,1
DA:95,1
DA:96,1
LF:46
LH:46
BRDA:9,0,0,6
BRDA:9,0,1,6
BRDA:29,1,0,1
BRDA:29,1,1,0
BRDA:43,2,0,1
BRDA:43,2,1,0
BRDA:56,3,0,1
BRDA:56,3,1,0
BRDA:77,4,0,1
BRDA:77,4,1,0
BRF:10
BRH:6
end_of_record
TN:
SF:/home/javey/Workspace/kpc/components/dropdown/dropdown.js
FN:22,(anonymous_16)
FNF:1
FNH:1
FNDA:1,(anonymous_16)
DA:1,1
DA:2,1
DA:3,1
DA:5,1
DA:10,52
DA:14,52
DA:20,51
DA:21,51
DA:22,51
DA:23,1
DA:27,156
DA:28,52
DA:29,52
DA:30,0
DA:32,52
DA:33,1
DA:37,52
DA:38,52
DA:39,52
DA:40,52
DA:41,52
DA:42,52
DA:44,52
DA:46,52
DA:48,52
DA:49,15
DA:50,15
DA:52,52
DA:53,52
DA:57,51
DA:61,0
DA:63,0
DA:65,0
DA:66,0
DA:68,0
DA:69,0
DA:74,0
DA:76,0
DA:78,0
DA:79,0
LF:40
LH:29
BRDA:29,0,0,0
BRDA:29,0,1,52
BRDA:32,1,0,1
BRDA:32,1,1,51
BRDA:38,2,0,52
BRDA:38,2,1,0
BRDA:48,3,0,15
BRDA:48,3,1,37
BRDA:61,4,0,0
BRDA:61,4,1,0
BRDA:63,5,0,0
BRDA:63,5,1,0
BRDA:68,6,0,0
BRDA:68,6,1,0
BRDA:74,7,0,0
BRDA:74,7,1,0
BRDA:76,8,0,0
BRDA:76,8,1,0
BRF:18
BRH:6
end_of_record
TN:
SF:/home/javey/Workspace/kpc/components/dropdown/index.js
FN:9,Wrapper
FNF:1
FNH:1
FNDA:38,Wrapper
DA:1,1
DA:2,1
DA:3,1
DA:4,1
DA:5,1
DA:7,1
DA:9,38
DA:13,152
DA:15,38
DA:16,38
DA:18,38
DA:25,38
DA:55,0
DA:59,1
LF:14
LH:13
BRDA:20,0,0,38
BRDA:20,0,1,0
BRDA:26,1,0,38
BRDA:26,1,1,0
BRDA:28,2,0,38
BRDA:28,2,1,0
BRDA:39,3,0,0
BRDA:39,3,1,0
BRDA:60,4,0,1
BRDA:60,4,1,0
BRF:10
BRH:4
end_of_record
TN:
SF:/home/javey/Workspace/kpc/components/dropdown/item.js
FN:27,(anonymous_14)
FNF:1
FNH:0
FNDA:0,(anonymous_14)
DA:1,1
DA:2,1
DA:3,1
DA:4,1
DA:5,1
DA:17,0
DA:25,0
DA:27,0
DA:28,0
DA:29,0
DA:30,0
DA:36,0
DA:37,0
DA:41,0
DA:43,0
DA:46,0
DA:47,0
DA:52,0
DA:54,0
DA:56,0
DA:60,0
DA:62,0
DA:67,0
DA:68,0
DA:69,0
DA:71,0
DA:76,0
DA:78,0
DA:79,0
DA:80,0
DA:81,0
DA:82,0
DA:84,0
DA:85,0
DA:86,0
DA:87,0
DA:92,0
DA:94,0
DA:95,0
DA:96,0
DA:101,0
DA:102,0
DA:103,0
DA:108,0
DA:109,0
DA:110,0
DA:115,0
DA:116,0
DA:121,0
DA:125,0
DA:126,0
LF:51
LH:5
BRDA:28,0,0,0
BRDA:28,0,1,0
BRDA:41,1,0,0
BRDA:41,1,1,0
BRDA:46,2,0,0
BRDA:46,2,1,0
BRDA:52,3,0,0
BRDA:52,3,1,0
BRDA:60,4,0,0
BRDA:60,4,1,0
BRDA:68,5,0,0
BRDA:68,5,1,0
BRDA:84,6,0,0
BRDA:84,6,1,0
BRDA:86,7,0,0
BRDA:86,7,1,0
BRDA:95,8,0,0
BRDA:95,8,1,0
BRDA:102,9,0,0
BRDA:102,9,1,0
BRDA:109,10,0,0
BRDA:109,10,1,0
BRDA:115,11,0,0
BRDA:115,11,1,0
BRF:24
BRH:0
end_of_record
TN:
SF:/home/javey/Workspace/kpc/components/dropdown/menu.js
FN:24,(anonymous_15)
FN:62,(anonymous_20)
FN:174,fixIndex
FNF:3
FNH:0
FNDA:0,(anonymous_15)
FNDA:0,(anonymous_20)
FNDA:0,fixIndex
DA:1,1
DA:2,1
DA:3,1
DA:4,1
DA:11,34
DA:18,33
DA:19,33
DA:20,33
DA:21,33
DA:22,33
DA:24,33
DA:25,0
DA:26,0
DA:27,0
DA:28,0
DA:30,0
DA:39,33
DA:40,33
DA:42,33
DA:43,0
DA:48,99
DA:52,0
DA:53,0
DA:54,0
DA:55,0
DA:56,0
DA:60,0
DA:61,0
DA:62,0
DA:63,0
DA:66,0
DA:71,0
DA:75,0
DA:84,0
DA:85,0
DA:87,0
DA:90,0
DA:93,0
DA:97,33
DA:98,33
DA:100,33
DA:103,0
DA:106,33
DA:110,0
DA:111,0
DA:114,0
DA:116,0
DA:118,0
DA:120,0
DA:124,0
DA:125,0
DA:127,0
DA:130,0
DA:131,0
DA:134,0
DA:135,0
DA:138,0
DA:139,0
DA:142,0
DA:143,0
DA:146,0
DA:147,0
DA:152,0
DA:153,0
DA:154,0
DA:156,0
DA:157,0
DA:161,0
DA:162,0
DA:163,0
DA:165,0
DA:166,0
DA:169,0
DA:170,0
DA:171,0
DA:172,0
DA:175,0
DA:176,0
DA:177,0
DA:178,0
DA:180,0
DA:183,0
DA:185,0
DA:186,0
DA:187,0
DA:188,0
DA:192,0
DA:194,0
DA:196,0
DA:197,0
DA:200,0
DA:204,0
DA:205,0
DA:206,0
DA:207,0
DA:212,0
DA:213,0
DA:215,0
DA:216,0
DA:217,0
DA:218,0
DA:219,0
DA:224,0
DA:225,0
DA:226,0
DA:228,0
DA:229,0
DA:230,0
DA:236,0
DA:237,0
DA:241,0
DA:242,0
DA:243,0
DA:244,0
DA:245,0
DA:246,0
DA:247,0
DA:249,0
DA:250,0
DA:254,0
DA:258,33
DA:259,33
DA:260,0
DA:261,0
DA:263,33
DA:264,33
LF:126
LH:23
BRDA:25,0,0,0
BRDA:25,0,1,0
BRDA:40,1,0,0
BRDA:40,1,1,33
BRDA:42,2,0,0
BRDA:42,2,1,33
BRDA:55,3,0,0
BRDA:55,3,1,0
BRDA:61,4,0,0
BRDA:61,4,1,0
BRDA:85,5,0,0
BRDA:85,5,1,0
BRDA:98,6,0,33
BRDA:98,6,1,0
BRDA:114,7,0,0
BRDA:114,7,1,0
BRDA:114,8,0,0
BRDA:114,8,1,0
BRDA:116,9,0,0
BRDA:116,9,1,0
BRDA:118,10,0,0
BRDA:118,10,1,0
BRDA:124,11,0,0
BRDA:124,11,1,0
BRDA:129,12,0,0
BRDA:129,12,1,0
BRDA:129,12,2,0
BRDA:129,12,3,0
BRDA:129,12,4,0
BRDA:153,13,0,0
BRDA:153,13,1,0
BRDA:153,14,0,0
BRDA:153,14,1,0
BRDA:162,15,0,0
BRDA:162,15,1,0
BRDA:162,16,0,0
BRDA:162,16,1,0
BRDA:169,17,0,0
BRDA:169,17,1,0
BRDA:169,18,0,0
BRDA:169,18,1,0
BRDA:175,19,0,0
BRDA:175,19,1,0
BRDA:177,20,0,0
BRDA:177,20,1,0
BRDA:186,21,0,0
BRDA:186,21,1,0
BRDA:186,21,2,0
BRDA:187,22,0,0
BRDA:187,22,1,0
BRDA:192,23,0,0
BRDA:192,23,1,0
BRDA:196,24,0,0
BRDA:196,24,1,0
BRDA:196,25,0,0
BRDA:196,25,1,0
BRDA:205,26,0,0
BRDA:205,26,1,0
BRDA:213,27,0,0
BRDA:213,27,1,0
BRDA:213,28,0,0
BRDA:213,28,1,0
BRDA:216,29,0,0
BRDA:216,29,1,0
BRDA:216,30,0,0
BRDA:216,30,1,0
BRDA:218,31,0,0
BRDA:218,31,1,0
BRDA:224,32,0,0
BRDA:224,32,1,0
BRDA:229,33,0,0
BRDA:229,33,1,0
BRDA:244,34,0,0
BRDA:244,34,1,0
BRDA:245,35,0,0
BRDA:245,35,1,0
BRDA:245,36,0,0
BRDA:245,36,1,0
BRDA:250,37,0,0
BRDA:250,37,1,0
BRDA:259,38,0,0
BRDA:259,38,1,33
BRF:82
BRH:4
end_of_record
TN:
SF:/home/javey/Workspace/kpc/components/editable/index.js
FNF:0
FNH:0
DA:1,1
DA:2,1
DA:3,1
DA:4,1
DA:8,1
DA:11,5
DA:33,5
DA:37,0
DA:38,0
DA:39,0
DA:43,0
DA:47,0
DA:49,0
DA:50,0
DA:52,0
DA:53,0
DA:57,0
DA:58,0
DA:60,0
DA:62,0
DA:64,0
DA:65,0
DA:66,0
DA:67,0
DA:68,0
DA:69,0
DA:70,0
DA:71,0
DA:72,0
DA:76,0
DA:77,0
DA:78,0
DA:79,0
DA:82,0
DA:90,0
LF:35
LH:7
BRDA:48,0,0,0
BRDA:48,0,1,0
BRDA:60,1,0,0
BRDA:60,1,1,0
BRDA:64,2,0,0
BRDA:64,2,1,0
BRDA:64,3,0,0
BRDA:64,3,1,0
BRDA:66,4,0,0
BRDA:66,4,1,0
BRDA:66,5,0,0
BRDA:66,5,1,0
BRDA:67,6,0,0
BRDA:67,6,1,0
BRDA:69,7,0,0
BRDA:69,7,1,0
BRDA:71,8,0,0
BRDA:71,8,1,0
BRDA:76,9,0,0
BRDA:76,9,1,0
BRF:20
BRH:0
end_of_record
TN:
SF:/home/javey/Workspace/kpc/components/form/form.js
FN:29,(anonymous_14)
FN:39,(anonymous_16)
FN:39,(anonymous_17)
FN:40,(anonymous_18)
FN:46,(anonymous_20)
FN:52,(anonymous_22)
FN:62,(anonymous_25)
FNF:7
FNH:0
FNDA:0,(anonymous_14)
FNDA:0,(anonymous_16)
FNDA:0,(anonymous_17)
FNDA:0,(anonymous_18)
FNDA:0,(anonymous_20)
FNDA:0,(anonymous_22)
FNDA:0,(anonymous_25)
DA:1,1
DA:2,1
DA:3,1
DA:16,1
DA:19,5
DA:26,0
DA:27,0
DA:29,0
DA:30,0
DA:33,0
DA:37,0
DA:39,0
DA:40,0
DA:45,0
DA:46,0
DA:50,0
DA:51,0
DA:52,0
DA:56,0
DA:57,0
DA:60,0
DA:61,0
DA:62,0
DA:63,0
DA:64,0
LF:25
LH:5
BRDA:51,0,0,0
BRDA:51,0,1,0
BRDA:63,1,0,0
BRDA:63,1,1,0
BRF:4
BRH:0
end_of_record
TN:
SF:/home/javey/Workspace/kpc/components/form/formItem.js
FN:121,(anonymous_22)
FN:128,(anonymous_23)
FN:139,(anonymous_24)
FNF:3
FNH:0
FNDA:0,(anonymous_22)
FNDA:0,(anonymous_23)
FNDA:0,(anonymous_24)
DA:1,1
DA:2,1
DA:3,1
DA:7,1
DA:10,29
DA:31,18
DA:32,18
DA:33,18
DA:37,18
DA:39,11
DA:40,11
DA:41,30
DA:43,11
DA:44,0
DA:46,11
DA:47,11
DA:48,11
DA:52,0
DA:53,0
DA:55,0
DA:59,0
DA:60,0
DA:61,0
DA:63,0
DA:64,0
DA:65,0
DA:68,0
DA:72,0
DA:73,0
DA:74,0
DA:76,0
DA:77,0
DA:78,0
DA:81,0
DA:84,0
DA:85,0
DA:87,0
DA:89,0
DA:90,0
DA:91,0
DA:94,0
DA:95,0
DA:96,0
DA:97,0
DA:101,0
DA:102,0
DA:103,0
DA:104,0
DA:105,0
DA:106,0
DA:107,0
DA:109,0
DA:110,0
DA:111,0
DA:112,0
DA:115,0
DA:116,0
DA:120,0
DA:122,0
DA:123,0
DA:124,0
DA:127,0
DA:129,0
DA:130,0
DA:131,0
DA:132,0
DA:133,0
DA:134,0
DA:135,0
DA:137,0
DA:139,0
DA:140,0
DA:141,0
DA:147,0
DA:150,0
DA:154,0
DA:155,0
DA:160,0
DA:162,0
DA:172,0
DA:173,0
DA:176,0
DA:177,0
DA:179,0
DA:185,0
DA:186,0
DA:191,18
DA:192,11
DA:193,11
LF:89
LH:19
BRDA:37,0,0,7
BRDA:37,0,1,11
BRDA:40,1,0,41
BRDA:40,1,1,41
BRDA:43,2,0,0
BRDA:43,2,1,11
BRDA:61,3,0,0
BRDA:61,3,1,0
BRDA:63,4,0,0
BRDA:63,4,1,0
BRDA:74,5,0,0
BRDA:74,5,1,0
BRDA:76,6,0,0
BRDA:76,6,1,0
BRDA:85,7,0,0
BRDA:85,7,1,0
BRDA:95,8,0,0
BRDA:95,8,1,0
BRDA:101,9,0,0
BRDA:101,9,1,0
BRDA:104,10,0,0
BRDA:104,10,1,0
BRDA:104,11,0,0
BRDA:104,11,1,0
BRDA:106,12,0,0
BRDA:106,12,1,0
BRDA:110,13,0,0
BRDA:110,13,1,0
BRDA:123,14,0,0
BRDA:123,14,1,0
BRDA:124,15,0,0
BRDA:124,15,1,0
BRDA:131,16,0,0
BRDA:131,16,1,0
BRDA:133,17,0,0
BRDA:133,17,1,0
BRDA:134,18,0,0
BRDA:134,18,1,0
BRDA:135,19,0,0
BRDA:135,19,1,0
BRDA:140,20,0,0
BRDA:140,20,1,0
BRDA:154,21,0,0
BRDA:154,21,1,0
BRDA:166,22,0,0
BRDA:166,22,1,0
BRDA:172,23,0,0
BRDA:172,23,1,0
BRDA:173,24,0,0
BRDA:173,24,1,0
BRDA:176,25,0,0
BRDA:176,25,1,0
BRDA:185,26,0,0
BRDA:185,26,1,0
BRDA:191,27,0,7
BRDA:191,27,1,11
BRF:56
BRH:7
end_of_record
TN:
SF:/home/javey/Workspace/kpc/components/form/formItemWrapper.js
FN:6,Wrapper
FN:13,ev$changeValue
FNF:2
FNH:1
FNDA:30,Wrapper
FNDA:0,ev$changeValue
DA:1,1
DA:2,1
DA:4,1
DA:6,30
DA:7,90
DA:8,30
DA:9,20
DA:11,30
DA:14,0
LF:9
LH:8
BRDA:8,0,0,20
BRDA:8,0,1,10
BRDA:8,1,0,30
BRDA:8,1,1,30
BRDA:22,2,0,1
BRF:5
BRH:5
end_of_record
TN:
SF:/home/javey/Workspace/kpc/components/form/index.js
FNF:0
FNH:0
DA:1,1
DA:2,1
DA:3,1
LF:3
LH:3
BRF:0
BRH:0
end_of_record
TN:
SF:/home/javey/Workspace/kpc/components/form/methods.js
FN:1,decimalPlaces
FN:11,required
FN:11,digits
FN:11,email
FN:11,url
FN:11,date
FN:11,dateISO
FN:11,number
FN:11,minLength
FN:11,maxLength
FN:11,rangeLength
FN:11,min
FN:11,max
FN:11,range
FN:11,step
FN:68,toInt
FN:11,equalTo
FN:77,(anonymous_17)
FN:84,(anonymous_18)
FN:85,(anonymous_19)
FN:96,count
FN:100,maxLength
FN:100,minLength
FN:100,rangeLength
FN:100,max
FN:100,min
FN:100,range
FN:100,step
FN:146,addMethod
FNF:29
FNH:1
FNDA:0,decimalPlaces
FNDA:0,required
FNDA:0,digits
FNDA:0,email
FNDA:0,url
FNDA:0,date
FNDA:0,dateISO
FNDA:0,number
FNDA:0,minLength
FNDA:0,maxLength
FNDA:0,rangeLength
FNDA:0,min
FNDA:0,max
FNDA:0,range
FNDA:0,step
FNDA:0,toInt
FNDA:0,equalTo
FNDA:0,(anonymous_17)
FNDA:0,(anonymous_18)
FNDA:0,(anonymous_19)
FNDA:0,count
FNDA:0,maxLength
FNDA:0,minLength
FNDA:0,rangeLength
FNDA:0,max
FNDA:0,min
FNDA:0,range
FNDA:0,step
FNDA:1,addMethod
DA:2,0
DA:3,0
DA:4,0
DA:8,0
DA:11,1
DA:13,0
DA:18,0
DA:22,0
DA:26,0
DA:30,0
DA:34,0
DA:38,0
DA:42,0
DA:46,0
DA:50,0
DA:51,0
DA:55,0
DA:59,0
DA:63,0
DA:67,0
DA:68,0
DA:70,0
DA:74,0
DA:75,0
DA:76,0
DA:77,0
DA:78,0
DA:80,0
DA:81,0
DA:84,0
DA:85,0
DA:86,0
DA:87,0
DA:92,0
DA:97,0
DA:100,1
DA:109,0
DA:110,0
DA:112,0
DA:116,0
DA:117,0
DA:119,0
DA:123,0
DA:124,0
DA:126,0
DA:130,0
DA:133,0
DA:136,0
DA:139,0
DA:144,1
DA:146,1
DA:147,1
DA:148,1
DA:149,1
LF:54
LH:7
BRDA:3,0,0,0
BRDA:3,0,1,0
BRDA:8,1,0,0
BRDA:8,1,1,0
BRDA:13,2,0,0
BRDA:13,2,1,0
BRDA:14,3,0,0
BRDA:14,3,1,0
BRDA:14,4,0,0
BRDA:14,4,1,0
BRDA:51,5,0,0
BRDA:51,5,1,0
BRDA:63,6,0,0
BRDA:63,6,1,0
BRDA:70,7,0,0
BRDA:70,7,1,0
BRDA:76,8,0,0
BRDA:76,8,1,0
BRDA:97,9,0,0
BRDA:97,9,1,0
BRDA:109,10,0,0
BRDA:109,10,1,0
BRDA:116,11,0,0
BRDA:116,11,1,0
BRDA:123,12,0,0
BRDA:123,12,1,0
BRDA:148,13,0,1
BRDA:148,13,1,0
BRF:28
BRH:1
end_of_record
TN:
SF:/home/javey/Workspace/kpc/components/grid/col.js
FNF:0
FNH:0
DA:1,1
DA:2,1
DA:6,1
DA:9,14
LF:4
LH:4
BRF:0
BRH:0
end_of_record
TN:
SF:/home/javey/Workspace/kpc/components/grid/index.js
FNF:0
FNH:0
DA:1,1
DA:2,1
DA:3,1
LF:3
LH:3
BRF:0
BRH:0
end_of_record
TN:
SF:/home/javey/Workspace/kpc/components/grid/row.js
FNF:0
FNH:0
DA:1,1
DA:2,1
DA:6,1
DA:9,5
LF:4
LH:4
BRF:0
BRH:0
end_of_record
TN:
SF:/home/javey/Workspace/kpc/components/grid/utils.js
FN:1,gutterStyle
FNF:1
FNH:1
FNDA:11,gutterStyle
DA:1,11
DA:2,11
DA:3,11
DA:4,11
DA:5,11
DA:6,11
DA:8,0
DA:14,11
LF:8
LH:7
BRDA:1,0,0,8
BRDA:1,0,1,3
BRDA:1,1,0,11
BRDA:1,1,1,8
BRDA:3,2,0,3
BRDA:3,2,1,8
BRDA:4,3,0,11
BRDA:4,3,1,0
BRDA:5,4,0,11
BRDA:5,4,1,0
BRDA:6,5,0,11
BRDA:6,5,1,0
BRDA:6,6,0,11
BRDA:6,6,1,0
BRF:14
BRH:10
end_of_record
TN:
SF:/home/javey/Workspace/kpc/components/input/index.js
FNF:0
FNH:0
DA:1,1
DA:2,1
DA:3,1
DA:18,67
DA:37,55
DA:38,55
DA:42,55
DA:46,55
DA:47,2
DA:48,2
DA:53,0
DA:54,0
DA:55,0
DA:59,0
DA:63,0
DA:67,0
DA:68,0
DA:72,0
LF:18
LH:10
BRDA:46,0,0,2
BRDA:46,0,1,53
BRDA:47,1,0,2
BRDA:47,1,1,2
BRF:4
BRH:4
end_of_record
TN:
SF:/home/javey/Workspace/kpc/components/message/index.js
FN:109,(anonymous_22)
FN:129,(anonymous_25)
FNF:2
FNH:0
FNDA:0,(anonymous_22)
FNDA:0,(anonymous_25)
DA:1,1
DA:2,1
DA:3,1
DA:4,1
DA:6,1
DA:7,1
DA:13,0
DA:14,0
DA:15,0
DA:18,0
DA:19,0
DA:21,0
DA:24,0
DA:30,0
DA:32,0
DA:36,0
DA:40,0
DA:44,0
DA:48,0
DA:53,1
DA:66,2
DA:67,1
DA:71,1
DA:72,1
DA:73,1
DA:74,0
DA:77,0
DA:79,0
DA:84,0
DA:85,0
DA:92,0
DA:97,0
DA:99,0
DA:100,0
DA:105,0
DA:108,1
DA:109,1
DA:110,0
DA:111,0
DA:113,0
DA:119,1
DA:120,1
DA:124,1
DA:125,1
DA:127,0
DA:128,0
DA:129,0
DA:130,0
DA:136,0
DA:137,0
DA:138,0
DA:140,0
DA:145,0
DA:149,0
DA:150,0
DA:154,1
DA:155,0
DA:156,1
DA:157,0
DA:158,1
DA:159,1
DA:161,0
DA:172,1
DA:178,1
DA:182,0
DA:183,0
DA:187,1
DA:188,1
DA:189,1
DA:190,0
DA:191,0
LF:71
LH:27
BRDA:67,0,0,1
BRDA:67,0,1,0
BRDA:72,1,0,1
BRDA:72,1,1,0
BRDA:74,2,0,0
BRDA:74,2,1,0
BRDA:79,3,0,0
BRDA:79,3,1,0
BRDA:92,4,0,0
BRDA:92,4,1,0
BRDA:93,5,0,0
BRDA:93,5,1,0
BRDA:93,5,2,0
BRDA:99,6,0,0
BRDA:99,6,1,0
BRDA:110,7,0,0
BRDA:110,7,1,0
BRDA:119,8,0,1
BRDA:119,8,1,0
BRDA:125,9,0,1
BRDA:125,9,1,0
BRDA:128,10,0,0
BRDA:128,10,1,0
BRDA:137,11,0,0
BRDA:137,11,1,0
BRDA:154,12,0,0
BRDA:154,12,1,1
BRDA:154,13,0,1
BRDA:154,13,1,0
BRDA:156,14,0,0
BRDA:156,14,1,1
BRDA:156,15,0,1
BRDA:156,15,1,0
BRDA:158,16,0,1
BRDA:158,16,1,0
BRDA:161,17,0,0
BRDA:161,17,1,0
BRDA:13,18,0,0
BRDA:13,18,1,0
BRDA:13,19,0,0
BRDA:13,19,1,0
BRDA:13,20,0,0
BRDA:13,20,1,0
BRDA:13,21,0,0
BRDA:13,21,1,0
BRDA:14,22,0,0
BRDA:14,22,1,0
BRDA:18,23,0,0
BRDA:18,23,1,0
BRDA:18,24,0,0
BRDA:18,24,1,0
BRDA:18,24,2,0
BRDA:18,25,0,0
BRDA:18,25,1,0
BRDA:189,26,0,0
BRDA:189,26,1,1
BRF:56
BRH:10
end_of_record
TN:
SF:/home/javey/Workspace/kpc/components/moveWrapper/index.js
FNF:0
FNH:0
DA:1,1
DA:5,72
DA:6,72
DA:10,72
DA:16,122
DA:17,61
DA:18,61
DA:21,0
DA:22,0
DA:23,0
DA:27,11
DA:28,11
DA:32,61
DA:33,51
DA:54,61
DA:61,61
DA:63,61
DA:64,61
DA:65,61
DA:66,61
DA:70,61
DA:71,61
DA:72,0
DA:74,61
DA:75,61
DA:77,61
LF:26
LH:22
BRDA:6,0,0,72
BRDA:6,0,1,52
BRDA:17,1,0,61
BRDA:17,1,1,0
BRDA:22,2,0,0
BRDA:22,2,1,0
BRDA:27,3,0,11
BRDA:27,3,1,0
BRDA:32,4,0,51
BRDA:32,4,1,10
BRDA:54,5,0,61
BRDA:54,5,1,0
BRDA:54,6,0,61
BRDA:54,6,1,61
BRDA:54,6,2,0
BRDA:54,6,3,0
BRDA:71,7,0,0
BRDA:71,7,1,61
BRDA:74,8,0,61
BRDA:74,8,1,0
BRF:20
BRH:11
end_of_record
TN:
SF:/home/javey/Workspace/kpc/components/moveWrapper/position.js
FN:9,position
FN:26,(anonymous_1)
FN:123,getDimensions
FN:168,getOffsets
FNF:4
FNH:4
FNDA:5,position
FNDA:10,(anonymous_1)
FNDA:5,getDimensions
FNDA:10,getOffsets
DA:1,1
DA:2,1
DA:3,1
DA:4,1
DA:5,1
DA:6,1
DA:7,1
DA:9,20
DA:10,5
DA:12,5
DA:14,5
DA:15,0
DA:21,5
DA:22,5
DA:23,5
DA:24,5
DA:26,5
DA:27,10
DA:29,10
DA:30,10
DA:36,10
DA:37,10
DA:39,10
DA:40,10
DA:41,10
DA:46,10
DA:52,5
DA:53,5
DA:56,5
DA:57,5
DA:58,0
DA:59,5
DA:60,5
DA:62,5
DA:63,0
DA:64,5
DA:65,5
DA:68,5
DA:69,5
DA:70,5
DA:72,5
DA:73,5
DA:74,5
DA:75,5
DA:77,5
DA:78,5
DA:79,0
DA:80,5
DA:81,5
DA:83,5
DA:84,0
DA:85,5
DA:86,5
DA:88,5
DA:89,5
DA:91,5
DA:92,5
DA:93,5
DA:94,0
DA:96,5
DA:97,5
DA:99,5
DA:100,0
DA:101,0
DA:102,0
DA:103,0
DA:104,0
DA:108,0
DA:109,0
DA:111,0
DA:112,0
DA:114,0
DA:115,0
DA:117,0
DA:119,0
DA:124,5
DA:126,0
DA:134,5
DA:135,5
DA:136,5
DA:144,0
DA:146,0
DA:156,0
DA:157,0
DA:158,0
DA:169,10
LF:86
LH:61
BRDA:12,0,0,5
BRDA:12,0,1,5
BRDA:14,1,0,0
BRDA:14,1,1,5
BRDA:23,2,0,5
BRDA:23,2,1,5
BRDA:27,3,0,10
BRDA:27,3,1,10
BRDA:29,4,0,10
BRDA:29,4,1,0
BRDA:31,5,0,0
BRDA:31,5,1,10
BRDA:33,6,0,0
BRDA:33,6,1,10
BRDA:36,7,0,10
BRDA:36,7,1,0
BRDA:37,8,0,10
BRDA:37,8,1,0
BRDA:42,9,0,0
BRDA:42,9,1,10
BRDA:43,10,0,0
BRDA:43,10,1,10
BRDA:52,11,0,5
BRDA:52,11,1,0
BRDA:57,12,0,0
BRDA:57,12,1,5
BRDA:59,13,0,5
BRDA:59,13,1,0
BRDA:62,14,0,0
BRDA:62,14,1,5
BRDA:64,15,0,5
BRDA:64,15,1,0
BRDA:78,16,0,0
BRDA:78,16,1,5
BRDA:80,17,0,5
BRDA:80,17,1,0
BRDA:83,18,0,0
BRDA:83,18,1,5
BRDA:85,19,0,5
BRDA:85,19,1,0
BRDA:93,20,0,0
BRDA:93,20,1,5
BRDA:99,21,0,0
BRDA:99,21,1,5
BRDA:105,22,0,0
BRDA:105,22,1,0
BRDA:105,23,0,0
BRDA:105,23,1,0
BRDA:106,24,0,0
BRDA:106,24,1,0
BRDA:106,25,0,0
BRDA:106,25,1,0
BRDA:108,26,0,0
BRDA:108,26,1,0
BRDA:108,27,0,0
BRDA:108,27,1,0
BRDA:111,28,0,0
BRDA:111,28,1,0
BRDA:111,29,0,0
BRDA:111,29,1,0
BRDA:114,30,0,0
BRDA:114,30,1,0
BRDA:124,31,0,0
BRDA:124,31,1,5
BRDA:134,32,0,5
BRDA:134,32,1,0
BRDA:140,33,0,5
BRDA:140,33,1,5
BRDA:141,34,0,5
BRDA:141,34,1,5
BRDA:144,35,0,0
BRDA:144,35,1,0
BRDA:170,36,0,0
BRDA:170,36,1,10
BRDA:171,37,0,0
BRDA:171,37,1,10
BRF:76
BRH:33
end_of_record
TN:
SF:/home/javey/Workspace/kpc/components/pagination/index.js
FN:31,(anonymous_14)
FNF:1
FNH:0
FNDA:0,(anonymous_14)
DA:1,1
DA:2,1
DA:3,1
DA:14,10
DA:27,10
DA:29,10
DA:31,10
DA:32,0
DA:36,20
DA:37,10
DA:38,10
DA:40,10
DA:41,0
DA:43,10
DA:44,0
DA:47,10
DA:51,0
DA:55,0
DA:59,0
DA:60,0
DA:64,0
DA:65,0
DA:70,0
DA:71,0
LF:24
LH:13
BRDA:40,0,0,0
BRDA:40,0,1,10
BRDA:43,1,0,0
BRDA:43,1,1,10
BRDA:70,2,0,0
BRDA:70,2,1,0
BRF:6
BRH:2
end_of_record
TN:
SF:/home/javey/Workspace/kpc/components/progress/index.js
FN:8,fixPercent
FN:32,(anonymous_12)
FN:40,(anonymous_13)
FNF:3
FNH:1
FNDA:11,fixPercent
FNDA:0,(anonymous_12)
FNDA:0,(anonymous_13)
DA:4,1
DA:5,1
DA:6,1
DA:9,11
DA:10,11
DA:11,11
DA:15,22
DA:18,11
DA:29,11
DA:30,11
DA:32,11
DA:33,0
DA:34,0
DA:35,0
DA:40,11
DA:41,0
DA:44,11
LF:17
LH:13
BRDA:9,0,0,0
BRDA:9,0,1,11
BRDA:10,1,0,0
BRDA:10,1,1,11
BRDA:34,2,0,0
BRDA:34,2,1,0
BRDA:41,3,0,0
BRDA:41,3,1,0
BRF:8
BRH:2
end_of_record
TN:
SF:/home/javey/Workspace/kpc/components/radio/index.js
FNF:0
FNH:0
DA:1,1
DA:2,1
DA:3,1
DA:6,24
DA:9,15
DA:21,15
LF:6
LH:6
BRF:0
BRH:0
end_of_record
TN:
SF:/home/javey/Workspace/kpc/components/scrollSelect/index.js
FN:27,(anonymous_14)
FN:37,(anonymous_15)
FN:41,(anonymous_16)
FN:77,(anonymous_20)
FN:135,(anonymous_24)
FNF:5
FNH:0
FNDA:0,(anonymous_14)
FNDA:0,(anonymous_15)
FNDA:0,(anonymous_16)
FNDA:0,(anonymous_20)
FNDA:0,(anonymous_24)
DA:1,1
DA:2,1
DA:3,1
DA:4,1
DA:11,0
DA:24,0
DA:25,0
DA:27,0
DA:28,0
DA:31,0
DA:32,0
DA:35,0
DA:36,0
DA:37,0
DA:38,0
DA:39,0
DA:40,0
DA:41,0
DA:42,0
DA:43,0
DA:49,0
DA:50,0
DA:51,0
DA:52,0
DA:57,0
DA:58,0
DA:59,0
DA:60,0
DA:62,0
DA:69,0
DA:70,0
DA:72,0
DA:73,0
DA:76,0
DA:77,0
DA:78,0
DA:79,0
DA:81,0
DA:82,0
DA:84,0
DA:87,0
DA:88,0
DA:89,0
DA:92,0
DA:93,0
DA:94,0
DA:95,0
DA:96,0
DA:98,0
DA:102,0
DA:104,0
DA:105,0
DA:106,0
DA:107,0
DA:109,0
DA:110,0
DA:114,0
DA:115,0
DA:116,0
DA:117,0
DA:119,0
DA:120,0
DA:121,0
DA:122,0
DA:123,0
DA:125,0
DA:126,0
DA:128,0
DA:132,0
DA:133,0
DA:135,0
DA:136,0
DA:137,0
DA:138,0
DA:142,0
DA:143,0
DA:145,0
DA:149,0
DA:150,0
DA:151,0
DA:154,0
DA:155,0
DA:160,0
DA:161,0
DA:162,0
DA:164,0
DA:166,0
DA:171,0
DA:172,0
DA:173,0
LF:90
LH:4
BRDA:39,0,0,0
BRDA:39,0,1,0
BRDA:72,1,0,0
BRDA:72,1,1,0
BRDA:78,2,0,0
BRDA:78,2,1,0
BRDA:81,3,0,0
BRDA:81,3,1,0
BRDA:87,4,0,0
BRDA:87,4,1,0
BRDA:102,5,0,0
BRDA:102,5,1,0
BRDA:114,6,0,0
BRDA:114,6,1,0
BRDA:121,7,0,0
BRDA:121,7,1,0
BRDA:122,8,0,0
BRDA:122,8,1,0
BRDA:140,9,0,0
BRDA:140,9,1,0
BRDA:142,10,0,0
BRDA:142,10,1,0
BRDA:149,11,0,0
BRDA:149,11,1,0
BRDA:162,12,0,0
BRDA:162,12,1,0
BRF:26
BRH:0
end_of_record
TN:
SF:/home/javey/Workspace/kpc/components/select/group.js
FNF:0
FNH:0
DA:1,1
DA:2,1
LF:2
LH:2
BRF:0
BRH:0
end_of_record
TN:
SF:/home/javey/Workspace/kpc/components/select/index.js
FN:40,(anonymous_14)
FN:100,(anonymous_21)
FNF:2
FNH:0
FNDA:0,(anonymous_14)
FNDA:0,(anonymous_21)
DA:1,1
DA:2,1
DA:3,1
DA:4,1
DA:5,1
DA:6,1
DA:7,1
DA:22,25
DA:39,24
DA:40,24
DA:41,0
DA:42,0
DA:48,0
DA:49,0
DA:53,0
DA:54,0
DA:56,0
DA:57,0
DA:58,0
DA:60,0
DA:62,0
DA:63,0
DA:65,0
DA:67,0
DA:69,0
DA:70,0
DA:72,0
DA:76,0
DA:78,0
DA:79,0
DA:81,0
DA:82,0
DA:87,0
DA:91,0
DA:99,0
DA:100,0
DA:101,0
DA:102,0
DA:108,0
DA:112,0
DA:116,0
DA:117,0
DA:118,0
DA:119,0
DA:120,0
DA:121,0
DA:125,0
DA:126,0
DA:131,0
DA:132,0
DA:133,0
DA:134,0
DA:135,0
LF:53
LH:10
BRDA:41,0,0,0
BRDA:41,0,1,0
BRDA:41,1,0,0
BRDA:41,1,1,0
BRDA:53,2,0,0
BRDA:53,2,1,0
BRDA:57,3,0,0
BRDA:57,3,1,0
BRDA:63,4,0,0
BRDA:63,4,1,0
BRDA:81,5,0,0
BRDA:81,5,1,0
BRDA:101,6,0,0
BRDA:101,6,1,0
BRDA:125,7,0,0
BRDA:125,7,1,0
BRDA:134,8,0,0
BRDA:134,8,1,0
BRF:18
BRH:0
end_of_record
TN:
SF:/home/javey/Workspace/kpc/components/select/option.js
FNF:0
FNH:0
DA:1,1
DA:2,1
LF:2
LH:2
BRF:0
BRH:0
end_of_record
TN:
SF:/home/javey/Workspace/kpc/components/slider/index.js
FN:44,(anonymous_11)
FN:69,fix
FNF:2
FNH:1
FNDA:0,(anonymous_11)
FNDA:15,fix
DA:4,1
DA:5,1
DA:6,1
DA:9,16
DA:12,13
DA:41,8
DA:42,8
DA:44,8
DA:45,0
DA:46,0
DA:52,5
DA:53,5
DA:58,13
DA:59,13
DA:66,52
DA:67,13
DA:70,15
DA:71,5
DA:72,10
DA:73,0
DA:74,10
DA:75,0
DA:78,10
DA:82,13
DA:83,13
DA:84,2
DA:85,0
DA:87,2
DA:90,11
DA:93,13
DA:97,0
DA:99,0
DA:100,0
DA:101,0
DA:102,0
DA:103,0
DA:104,0
DA:105,0
DA:106,0
DA:108,0
DA:110,0
DA:113,0
DA:116,0
DA:117,0
DA:118,0
DA:119,0
DA:120,0
DA:122,0
DA:123,0
DA:124,0
DA:125,0
DA:127,0
DA:132,0
DA:134,0
DA:135,0
DA:136,0
DA:137,0
DA:138,0
DA:139,0
DA:145,0
DA:152,0
DA:155,0
DA:156,0
DA:157,0
DA:158,0
DA:162,0
DA:164,0
DA:165,0
DA:166,0
DA:167,0
DA:168,0
DA:169,0
DA:174,0
DA:175,0
DA:182,0
DA:184,0
DA:192,0
DA:194,0
DA:195,0
DA:196,0
DA:197,0
DA:198,0
DA:199,0
DA:200,0
DA:201,0
DA:206,0
DA:207,0
DA:208,0
DA:215,0
DA:217,0
DA:219,0
DA:220,0
DA:225,0
DA:229,0
LF:94
LH:25
BRDA:45,0,0,0
BRDA:45,0,1,0
BRDA:52,1,0,5
BRDA:52,1,1,0
BRDA:52,2,0,5
BRDA:52,2,1,5
BRDA:70,3,0,5
BRDA:70,3,1,10
BRDA:72,4,0,0
BRDA:72,4,1,10
BRDA:74,5,0,0
BRDA:74,5,1,10
BRDA:83,6,0,2
BRDA:83,6,1,11
BRDA:84,7,0,0
BRDA:84,7,1,2
BRDA:97,8,0,0
BRDA:97,8,1,0
BRDA:97,9,0,0
BRDA:97,9,1,0
BRDA:101,10,0,0
BRDA:101,10,1,0
BRDA:105,11,0,0
BRDA:105,11,1,0
BRDA:122,12,0,0
BRDA:122,12,1,0
BRDA:124,13,0,0
BRDA:124,13,1,0
BRDA:132,14,0,0
BRDA:132,14,1,0
BRDA:134,15,0,0
BRDA:134,15,1,0
BRDA:138,16,0,0
BRDA:138,16,1,0
BRDA:162,17,0,0
BRDA:162,17,1,0
BRDA:166,18,0,0
BRDA:166,18,1,0
BRDA:167,19,0,0
BRDA:167,19,1,0
BRDA:168,20,0,0
BRDA:168,20,1,0
BRDA:174,21,0,0
BRDA:174,21,1,0
BRDA:192,22,0,0
BRDA:192,22,1,0
BRDA:194,23,0,0
BRDA:194,23,1,0
BRDA:197,24,0,0
BRDA:197,24,1,0
BRDA:198,25,0,0
BRDA:198,25,1,0
BRDA:199,26,0,0
BRDA:199,26,1,0
BRDA:206,27,0,0
BRDA:206,27,1,0
BRF:56
BRH:10
end_of_record
TN:
SF:/home/javey/Workspace/kpc/components/spinner/index.js
FNF:0
FNH:0
DA:1,1
DA:2,1
DA:3,1
DA:5,1
DA:8,24
DA:11,20
DA:29,12
DA:30,12
DA:31,3
DA:32,3
DA:33,1
DA:35,2
DA:37,3
DA:39,12
DA:42,0
DA:43,0
DA:45,0
DA:47,0
DA:50,0
DA:51,0
DA:53,0
DA:55,0
DA:58,80
DA:59,20
DA:61,20
DA:64,80
DA:65,20
DA:67,20
DA:70,0
DA:71,0
DA:72,0
DA:74,0
DA:75,0
DA:77,0
DA:78,0
DA:79,0
DA:80,0
DA:81,0
DA:83,0
LF:39
LH:20
BRDA:30,0,0,3
BRDA:30,0,1,9
BRDA:32,1,0,1
BRDA:32,1,1,2
BRDA:43,2,0,0
BRDA:43,2,1,0
BRDA:51,3,0,0
BRDA:51,3,1,0
BRDA:61,4,0,20
BRDA:61,4,1,17
BRDA:61,4,2,5
BRDA:67,5,0,20
BRDA:67,5,1,17
BRDA:67,5,2,17
BRDA:74,6,0,0
BRDA:74,6,1,0
BRDA:74,7,0,0
BRDA:74,7,1,0
BRDA:78,8,0,0
BRDA:78,8,1,0
BRDA:80,9,0,0
BRDA:80,9,1,0
BRF:22
BRH:10
end_of_record
TN:
SF:/home/javey/Workspace/kpc/components/steps/index.js
FNF:0
FNH:0
DA:1,1
DA:2,1
DA:3,1
DA:4,1
DA:11,2
LF:5
LH:5
BRF:0
BRH:0
end_of_record
TN:
SF:/home/javey/Workspace/kpc/components/steps/step.js
FNF:0
FNH:0
DA:1,1
DA:2,1
DA:15,6
LF:3
LH:3
BRF:0
BRH:0
end_of_record
TN:
SF:/home/javey/Workspace/kpc/components/switch/index.js
FNF:0
FNH:0
DA:1,1
DA:2,1
DA:3,1
DA:7,1
DA:10,2
DA:31,1
DA:32,1
DA:36,0
DA:38,0
DA:39,0
DA:40,0
DA:41,0
DA:43,0
DA:44,0
DA:48,0
DA:50,0
DA:51,0
DA:55,0
DA:59,0
DA:61,0
DA:64,0
DA:65,0
DA:67,0
DA:69,0
DA:70,0
DA:71,0
DA:73,0
DA:74,0
DA:76,0
DA:78,0
DA:80,0
DA:84,0
DA:85,0
DA:89,0
DA:91,0
DA:92,0
DA:94,0
DA:99,0
DA:103,0
DA:107,0
DA:111,0
LF:41
LH:7
BRDA:36,0,0,0
BRDA:36,0,1,0
BRDA:64,1,0,0
BRDA:64,1,1,0
BRDA:69,2,0,0
BRDA:69,2,1,0
BRDA:70,3,0,0
BRDA:70,3,1,0
BRDA:73,4,0,0
BRDA:73,4,1,0
BRDA:76,5,0,0
BRDA:76,5,1,0
BRDA:76,6,0,0
BRDA:76,6,1,0
BRDA:76,6,2,0
BRDA:89,7,0,0
BRDA:89,7,1,0
BRDA:91,8,0,0
BRDA:91,8,1,0
BRF:19
BRH:0
end_of_record
TN:
SF:/home/javey/Workspace/kpc/components/tooltip/index.js
FN:36,(anonymous_19)
FN:40,(anonymous_20)
FN:67,(anonymous_24)
FN:98,using
FN:135,Wrapper
FNF:5
FNH:1
FNDA:0,(anonymous_19)
FNDA:0,(anonymous_20)
FNDA:0,(anonymous_24)
FNDA:0,using
FNDA:18,Wrapper
DA:4,1
DA:5,1
DA:6,1
DA:7,1
DA:8,1
DA:23,18
DA:35,18
DA:36,18
DA:37,0
DA:40,18
DA:41,0
DA:42,0
DA:43,0
DA:44,0
DA:46,0
DA:47,0
DA:51,18
DA:55,18
DA:56,0
DA:61,0
DA:62,0
DA:65,0
DA:66,0
DA:67,0
DA:68,0
DA:71,0
DA:75,0
DA:76,0
DA:77,0
DA:78,0
DA:80,0
DA:81,0
DA:83,0
DA:84,0
DA:86,0
DA:87,0
DA:89,0
DA:90,0
DA:93,0
DA:94,0
DA:99,0
DA:106,0
DA:107,0
DA:112,18
DA:113,11
DA:118,0
DA:119,0
DA:121,0
DA:122,0
DA:124,0
DA:128,18
DA:129,18
DA:133,1
DA:135,18
DA:136,90
DA:138,18
DA:139,10
DA:142,18
DA:149,18
DA:175,1
DA:180,0
DA:181,0
DA:182,0
DA:189,1
LF:64
LH:24
BRDA:37,0,0,0
BRDA:37,0,1,0
BRDA:41,1,0,0
BRDA:41,1,1,0
BRDA:55,2,0,0
BRDA:55,2,1,18
BRDA:66,3,0,0
BRDA:66,3,1,0
BRDA:66,4,0,0
BRDA:66,4,1,0
BRDA:77,5,0,0
BRDA:77,5,1,0
BRDA:79,6,0,0
BRDA:79,6,1,0
BRDA:79,6,2,0
BRDA:79,6,3,0
BRDA:106,7,0,0
BRDA:106,7,1,0
BRDA:112,8,0,11
BRDA:112,8,1,7
BRDA:121,9,0,0
BRDA:121,9,1,0
BRDA:121,10,0,0
BRDA:121,10,1,0
BRDA:122,11,0,0
BRDA:122,11,1,0
BRDA:138,12,0,10
BRDA:138,12,1,8
BRDA:138,13,0,18
BRDA:138,13,1,10
BRDA:150,14,0,18
BRDA:150,14,1,0
BRDA:166,15,0,0
BRDA:166,15,1,0
BRDA:190,16,0,1
BRDA:190,16,1,0
BRF:36
BRH:9
end_of_record
TN:
SF:/home/javey/Workspace/kpc/components/transfer/index.js
FN:10,filter
FN:10,label
FN:55,(anonymous_20)
FN:76,(anonymous_22)
FN:83,(anonymous_23)
FN:88,(anonymous_24)
FN:95,(anonymous_25)
FNF:7
FNH:1
FNDA:0,filter
FNDA:5,label
FNDA:0,(anonymous_20)
FNDA:0,(anonymous_22)
FNDA:0,(anonymous_23)
FNDA:0,(anonymous_24)
FNDA:0,(anonymous_25)
DA:1,1
DA:2,1
DA:3,1
DA:10,2
DA:17,0
DA:20,5
DA:29,2
DA:30,2
DA:34,0
DA:35,0
DA:40,0
DA:41,0
DA:46,0
DA:47,0
DA:54,0
DA:55,0
DA:56,0
DA:57,0
DA:59,0
DA:66,0
DA:67,0
DA:68,0
DA:70,0
DA:71,0
DA:72,0
DA:73,0
DA:74,0
DA:75,0
DA:76,0
DA:78,0
DA:79,0
DA:80,0
DA:81,0
DA:83,0
DA:84,0
DA:85,0
DA:87,0
DA:88,0
DA:89,0
DA:90,0
DA:93,0
DA:95,0
DA:96,0
DA:97,0
DA:100,0
DA:106,0
DA:107,0
DA:108,0
DA:113,2
DA:114,2
LF:50
LH:9
BRDA:34,0,0,0
BRDA:34,0,1,0
BRDA:40,1,0,0
BRDA:40,1,1,0
BRDA:67,2,0,0
BRDA:67,2,1,0
BRDA:70,3,0,0
BRDA:70,3,1,0
BRDA:70,4,0,0
BRDA:70,4,1,0
BRDA:73,5,0,0
BRDA:73,5,1,0
BRDA:75,6,0,0
BRDA:75,6,1,0
BRDA:75,7,0,0
BRDA:75,7,1,0
BRDA:78,8,0,0
BRDA:78,8,1,0
BRDA:80,9,0,0
BRDA:80,9,1,0
BRDA:87,10,0,0
BRDA:87,10,1,0
BRDA:89,11,0,0
BRDA:89,11,1,0
BRDA:96,12,0,0
BRDA:96,12,1,0
BRDA:106,13,0,0
BRDA:106,13,1,0
BRDA:106,14,0,0
BRDA:106,14,1,0
BRF:30
BRH:0
end_of_record
